[ 2016-10-20T15:14:19+08:00 ]  
INFO: [ app_init ] --START--
INFO: Run Behavior\BuildLiteBehavior [ RunTime:0.000008s ]
INFO: [ app_init ] --END-- [ RunTime:0.000362s ]
NOTIC: [8] Undefined index: REQUEST_METHOD /cygdrive/f/wamp/www/newspider/ThinkPHP/Library/Think/App.class.php 第 32 行.
NOTIC: [8] Undefined index: REQUEST_URI /cygdrive/f/wamp/www/newspider/ThinkPHP/Library/Think/Dispatcher.class.php 第 141 行.
ERR: 无法加载模块:Flush

[ 2016-10-20T15:15:03+08:00 ]  
INFO: [ app_init ] --START--
INFO: Run Behavior\BuildLiteBehavior [ RunTime:0.000010s ]
INFO: [ app_init ] --END-- [ RunTime:0.000465s ]
NOTIC: [8] Undefined index: REQUEST_METHOD /cygdrive/f/wamp/www/newspider/ThinkPHP/Library/Think/App.class.php 第 32 行.
NOTIC: [8] Undefined index: REQUEST_URI /cygdrive/f/wamp/www/newspider/ThinkPHP/Library/Think/Dispatcher.class.php 第 141 行.
ERR: 无法加载模块:Flush

[ 2016-10-20T15:25:32+08:00 ]  
INFO: [ app_init ] --START--
INFO: Run Behavior\BuildLiteBehavior [ RunTime:0.000011s ]
INFO: [ app_init ] --END-- [ RunTime:0.000417s ]
NOTIC: [8] Undefined index: REQUEST_METHOD /cygdrive/f/wamp/www/newspider/ThinkPHP/Library/Think/App.class.php 第 32 行.
NOTIC: [8] Undefined index: REQUEST_URI /cygdrive/f/wamp/www/newspider/ThinkPHP/Library/Think/Dispatcher.class.php 第 141 行.
ERR: 无法加载模块:Flush

