[ 2016-10-20T14:55:38+08:00 ] 127.0.0.1 /newspider/
INFO: [ app_init ] --START--
INFO: Run Behavior\BuildLiteBehavior [ RunTime:0.000008s ]
INFO: [ app_init ] --END-- [ RunTime:0.010303s ]
INFO: [ app_begin ] --START--
INFO: Run Behavior\ReadHtmlCacheBehavior [ RunTime:0.000646s ]
INFO: [ app_begin ] --END-- [ RunTime:0.000680s ]
INFO: [ view_parse ] --START--
INFO: [ template_filter ] --START--
INFO: Run Behavior\ContentReplaceBehavior [ RunTime:0.008230s ]
INFO: [ template_filter ] --END-- [ RunTime:0.008263s ]
INFO: Run Behavior\ParseTemplateBehavior [ RunTime:0.011982s ]
INFO: [ view_parse ] --END-- [ RunTime:0.012013s ]
INFO: [ view_filter ] --START--
INFO: Run Behavior\WriteHtmlCacheBehavior [ RunTime:0.000302s ]
INFO: [ view_filter ] --END-- [ RunTime:0.000323s ]
INFO: [ app_end ] --START--
INFO: Run Behavior\ShowPageTraceBehavior [ RunTime:0.000414s ]
INFO: [ app_end ] --END-- [ RunTime:0.000436s ]

[ 2016-10-20T14:57:19+08:00 ] 127.0.0.1 /newspider/
INFO: [ app_init ] --START--
INFO: Run Behavior\BuildLiteBehavior [ RunTime:0.000009s ]
INFO: [ app_init ] --END-- [ RunTime:0.000383s ]
INFO: [ app_begin ] --START--
INFO: Run Behavior\ReadHtmlCacheBehavior [ RunTime:0.000364s ]
INFO: [ app_begin ] --END-- [ RunTime:0.000399s ]
INFO: [ view_parse ] --START--
INFO: Run Behavior\ParseTemplateBehavior [ RunTime:0.000203s ]
INFO: [ view_parse ] --END-- [ RunTime:0.000236s ]
INFO: [ view_filter ] --START--
INFO: Run Behavior\WriteHtmlCacheBehavior [ RunTime:0.000207s ]
INFO: [ view_filter ] --END-- [ RunTime:0.000233s ]
INFO: [ app_end ] --START--
INFO: Run Behavior\ShowPageTraceBehavior [ RunTime:0.000363s ]
INFO: [ app_end ] --END-- [ RunTime:0.000392s ]

[ 2016-10-20T15:00:59+08:00 ] 127.0.0.1 /newspider/
INFO: [ app_init ] --START--
INFO: Run Behavior\BuildLiteBehavior [ RunTime:0.000010s ]
INFO: [ app_init ] --END-- [ RunTime:0.000408s ]
INFO: [ app_begin ] --START--
INFO: Run Behavior\ReadHtmlCacheBehavior [ RunTime:0.000630s ]
INFO: [ app_begin ] --END-- [ RunTime:0.000667s ]

[ 2016-10-20T15:14:10+08:00 ]  
INFO: [ app_init ] --START--
INFO: Run Behavior\BuildLiteBehavior [ RunTime:0.000013s ]
INFO: [ app_init ] --END-- [ RunTime:0.000527s ]
NOTIC: [8] Undefined index: REQUEST_METHOD /cygdrive/f/wamp/www/newspider/ThinkPHP/Library/Think/App.class.php 第 32 行.
NOTIC: [8] Undefined index: REQUEST_URI /cygdrive/f/wamp/www/newspider/ThinkPHP/Library/Think/Dispatcher.class.php 第 141 行.
NOTIC: [8] Use of undefined constant _PHP_FILE_ - assumed '_PHP_FILE_' /cygdrive/f/wamp/www/newspider/ThinkPHP/Library/Think/Dispatcher.class.php 第 208 行.
INFO: [ app_begin ] --START--
INFO: Run Behavior\ReadHtmlCacheBehavior [ RunTime:0.000567s ]
INFO: [ app_begin ] --END-- [ RunTime:0.000599s ]

[ 2016-10-20T15:25:51+08:00 ] 127.0.0.1 /newspider/index.php
INFO: [ app_init ] --START--
INFO: Run Behavior\BuildLiteBehavior [ RunTime:0.000007s ]
INFO: [ app_init ] --END-- [ RunTime:0.000296s ]
INFO: [ app_begin ] --START--
INFO: Run Behavior\ReadHtmlCacheBehavior [ RunTime:0.000459s ]
INFO: [ app_begin ] --END-- [ RunTime:0.000486s ]
NOTIC: [8] Undefined index: argv F:\wamp\www\newspider\front\Home\Controller\IndexController.class.php 第 10 行.

[ 2016-10-20T15:26:09+08:00 ] 127.0.0.1 /newspider/index.php/home/index/index/
INFO: [ app_init ] --START--
INFO: Run Behavior\BuildLiteBehavior [ RunTime:0.000009s ]
INFO: [ app_init ] --END-- [ RunTime:0.000317s ]
INFO: [ app_begin ] --START--
INFO: Run Behavior\ReadHtmlCacheBehavior [ RunTime:0.000434s ]
INFO: [ app_begin ] --END-- [ RunTime:0.000463s ]
NOTIC: [8] Undefined index: argv F:\wamp\www\newspider\front\Home\Controller\IndexController.class.php 第 10 行.

[ 2016-10-20T15:26:17+08:00 ] 127.0.0.1 /newspider/index.php/home/index/index/
INFO: [ app_init ] --START--
INFO: Run Behavior\BuildLiteBehavior [ RunTime:0.000016s ]
INFO: [ app_init ] --END-- [ RunTime:0.000662s ]
INFO: [ app_begin ] --START--
INFO: Run Behavior\ReadHtmlCacheBehavior [ RunTime:0.001060s ]
INFO: [ app_begin ] --END-- [ RunTime:0.001127s ]

[ 2016-10-20T15:26:23+08:00 ] 127.0.0.1 /newspider/index.php/home/index/index/
INFO: [ app_init ] --START--
INFO: Run Behavior\BuildLiteBehavior [ RunTime:0.000008s ]
INFO: [ app_init ] --END-- [ RunTime:0.000211s ]
INFO: [ app_begin ] --START--
INFO: Run Behavior\ReadHtmlCacheBehavior [ RunTime:0.000247s ]
INFO: [ app_begin ] --END-- [ RunTime:0.000273s ]
INFO: [ app_end ] --START--
INFO: Run Behavior\ShowPageTraceBehavior [ RunTime:0.000414s ]
INFO: [ app_end ] --END-- [ RunTime:0.000439s ]

[ 2016-10-20T16:35:36+08:00 ] 127.0.0.1 /newspider/index.php/home/index/index/
INFO: [ app_init ] --START--
INFO: Run Behavior\BuildLiteBehavior [ RunTime:0.000008s ]
INFO: [ app_init ] --END-- [ RunTime:0.000299s ]
INFO: [ app_begin ] --START--
INFO: Run Behavior\ReadHtmlCacheBehavior [ RunTime:0.000460s ]
INFO: [ app_begin ] --END-- [ RunTime:0.000489s ]

[ 2016-10-20T16:37:07+08:00 ] 127.0.0.1 /newspider/index.php/home/index/index/
INFO: [ app_init ] --START--
INFO: Run Behavior\BuildLiteBehavior [ RunTime:0.000008s ]
INFO: [ app_init ] --END-- [ RunTime:0.000222s ]
INFO: [ app_begin ] --START--
INFO: Run Behavior\ReadHtmlCacheBehavior [ RunTime:0.000276s ]
INFO: [ app_begin ] --END-- [ RunTime:0.000300s ]
ERR: 1146:Table 'tpblog.l_t_r__t_y_p_e__d' doesn't exist
 [ SQL语句 ] : SHOW COLUMNS FROM `l_t_r__t_y_p_e__d`
ERR: 1146:Table 'tpblog.l_t_r__t_y_p_e__d' doesn't exist
 [ SQL语句 ] : SHOW COLUMNS FROM `l_t_r__t_y_p_e__d`

[ 2016-10-20T16:37:45+08:00 ] 127.0.0.1 /newspider/index.php/home/index/index/
INFO: [ app_init ] --START--
INFO: Run Behavior\BuildLiteBehavior [ RunTime:0.000008s ]
INFO: [ app_init ] --END-- [ RunTime:0.000290s ]
INFO: [ app_begin ] --START--
INFO: Run Behavior\ReadHtmlCacheBehavior [ RunTime:0.000463s ]
INFO: [ app_begin ] --END-- [ RunTime:0.000493s ]
ERR: SQLSTATE[HY000] [1044] Access denied for user 'tpblog'@'192.168.169.%' to database 'spider'

[ 2016-10-20T17:11:24+08:00 ] 127.0.0.1 /newspider/index.php/home/index/index/
INFO: [ app_init ] --START--
INFO: Run Behavior\BuildLiteBehavior [ RunTime:0.000006s ]
INFO: [ app_init ] --END-- [ RunTime:0.000294s ]
INFO: [ app_begin ] --START--
INFO: Run Behavior\ReadHtmlCacheBehavior [ RunTime:0.000425s ]
INFO: [ app_begin ] --END-- [ RunTime:0.000452s ]
ERR: 1146:Table 'spider.l_t_r__t_y_p_e__d' doesn't exist
 [ SQL语句 ] : SHOW COLUMNS FROM `l_t_r__t_y_p_e__d`
ERR: 1146:Table 'spider.l_t_r__t_y_p_e__d' doesn't exist
 [ SQL语句 ] : SHOW COLUMNS FROM `l_t_r__t_y_p_e__d`

[ 2016-10-20T17:21:49+08:00 ] 127.0.0.1 /newspider/index.php/home/index/index/
INFO: [ app_init ] --START--
INFO: Run Behavior\BuildLiteBehavior [ RunTime:0.000008s ]
INFO: [ app_init ] --END-- [ RunTime:0.000299s ]
INFO: [ app_begin ] --START--
INFO: Run Behavior\ReadHtmlCacheBehavior [ RunTime:0.000460s ]
INFO: [ app_begin ] --END-- [ RunTime:0.000488s ]
ERR: 1146:Table 'spider.ltr_type_d' doesn't exist
 [ SQL语句 ] : SHOW COLUMNS FROM `ltr_type_d`
ERR: 1146:Table 'spider.ltr_type_d' doesn't exist
 [ SQL语句 ] : SHOW COLUMNS FROM `ltr_type_d`

[ 2016-10-20T17:23:33+08:00 ] 127.0.0.1 /newspider/index.php/home/index/index/
INFO: [ app_init ] --START--
INFO: Run Behavior\BuildLiteBehavior [ RunTime:0.000008s ]
INFO: [ app_init ] --END-- [ RunTime:0.000222s ]
INFO: [ app_begin ] --START--
INFO: Run Behavior\ReadHtmlCacheBehavior [ RunTime:0.000264s ]
INFO: [ app_begin ] --END-- [ RunTime:0.000290s ]
ERR: 1146:Table 'spider.l_t_r__t_y_p_e__d' doesn't exist
 [ SQL语句 ] : SHOW COLUMNS FROM `l_t_r__t_y_p_e__d`
ERR: 1146:Table 'spider.l_t_r__t_y_p_e__d' doesn't exist
 [ SQL语句 ] : SHOW COLUMNS FROM `l_t_r__t_y_p_e__d`

[ 2016-10-20T17:23:48+08:00 ] 127.0.0.1 /newspider/index.php/home/index/index/
INFO: [ app_init ] --START--
INFO: Run Behavior\BuildLiteBehavior [ RunTime:0.000008s ]
INFO: [ app_init ] --END-- [ RunTime:0.000228s ]
INFO: [ app_begin ] --START--
INFO: Run Behavior\ReadHtmlCacheBehavior [ RunTime:0.000273s ]
INFO: [ app_begin ] --END-- [ RunTime:0.000301s ]
ERR: 1146:Table 'spider.l_t_r__t_y_p_e__d' doesn't exist
 [ SQL语句 ] : SHOW COLUMNS FROM `l_t_r__t_y_p_e__d`
ERR: 1146:Table 'spider.l_t_r__t_y_p_e__d' doesn't exist
 [ SQL语句 ] : SHOW COLUMNS FROM `l_t_r__t_y_p_e__d`

[ 2016-10-20T17:24:09+08:00 ] 127.0.0.1 /newspider/index.php/home/index/index/
INFO: [ app_init ] --START--
INFO: Run Behavior\BuildLiteBehavior [ RunTime:0.000008s ]
INFO: [ app_init ] --END-- [ RunTime:0.000273s ]
INFO: [ app_begin ] --START--
INFO: Run Behavior\ReadHtmlCacheBehavior [ RunTime:0.000470s ]
INFO: [ app_begin ] --END-- [ RunTime:0.000496s ]

[ 2016-10-20T17:24:23+08:00 ] 127.0.0.1 /newspider/index.php/home/index/index/
INFO: [ app_init ] --START--
INFO: Run Behavior\BuildLiteBehavior [ RunTime:0.000007s ]
INFO: [ app_init ] --END-- [ RunTime:0.000267s ]
INFO: [ app_begin ] --START--
INFO: Run Behavior\ReadHtmlCacheBehavior [ RunTime:0.000432s ]
INFO: [ app_begin ] --END-- [ RunTime:0.000460s ]
ERR: 1146:Table 'spider.l_t_r__t_y_p_e__d' doesn't exist
 [ SQL语句 ] : SHOW COLUMNS FROM `l_t_r__t_y_p_e__d`
ERR: 1146:Table 'spider.l_t_r__t_y_p_e__d' doesn't exist
 [ SQL语句 ] : SHOW COLUMNS FROM `l_t_r__t_y_p_e__d`

[ 2016-10-20T17:24:48+08:00 ] 127.0.0.1 /newspider/index.php/home/index/index/
INFO: [ app_init ] --START--
INFO: Run Behavior\BuildLiteBehavior [ RunTime:0.000007s ]
INFO: [ app_init ] --END-- [ RunTime:0.000224s ]
INFO: [ app_begin ] --START--
INFO: Run Behavior\ReadHtmlCacheBehavior [ RunTime:0.000270s ]
INFO: [ app_begin ] --END-- [ RunTime:0.000297s ]

[ 2016-10-20T17:24:57+08:00 ] 127.0.0.1 /newspider/index.php/home/index/index/
INFO: [ app_init ] --START--
INFO: Run Behavior\BuildLiteBehavior [ RunTime:0.000007s ]
INFO: [ app_init ] --END-- [ RunTime:0.000209s ]
INFO: [ app_begin ] --START--
INFO: Run Behavior\ReadHtmlCacheBehavior [ RunTime:0.000250s ]
INFO: [ app_begin ] --END-- [ RunTime:0.000276s ]
ERR: 1146:Table 'spider.l_t_r__t_y_p_e__d' doesn't exist
 [ SQL语句 ] : SHOW COLUMNS FROM `l_t_r__t_y_p_e__d`
ERR: 1146:Table 'spider.l_t_r__t_y_p_e__d' doesn't exist
 [ SQL语句 ] : SHOW COLUMNS FROM `l_t_r__t_y_p_e__d`

[ 2016-10-20T17:25:17+08:00 ] 127.0.0.1 /newspider/index.php/home/index/index/
INFO: [ app_init ] --START--
INFO: Run Behavior\BuildLiteBehavior [ RunTime:0.000007s ]
INFO: [ app_init ] --END-- [ RunTime:0.000246s ]
INFO: [ app_begin ] --START--
INFO: Run Behavior\ReadHtmlCacheBehavior [ RunTime:0.000253s ]
INFO: [ app_begin ] --END-- [ RunTime:0.000278s ]

[ 2016-10-20T17:26:07+08:00 ] 127.0.0.1 /newspider/index.php/home/index/index/
INFO: [ app_init ] --START--
INFO: Run Behavior\BuildLiteBehavior [ RunTime:0.000007s ]
INFO: [ app_init ] --END-- [ RunTime:0.000234s ]
INFO: [ app_begin ] --START--
INFO: Run Behavior\ReadHtmlCacheBehavior [ RunTime:0.000258s ]
INFO: [ app_begin ] --END-- [ RunTime:0.000284s ]

[ 2016-10-20T17:26:14+08:00 ] 127.0.0.1 /newspider/index.php/home/index/index/
INFO: [ app_init ] --START--
INFO: Run Behavior\BuildLiteBehavior [ RunTime:0.000006s ]
INFO: [ app_init ] --END-- [ RunTime:0.000268s ]
INFO: [ app_begin ] --START--
INFO: Run Behavior\ReadHtmlCacheBehavior [ RunTime:0.000438s ]
INFO: [ app_begin ] --END-- [ RunTime:0.000464s ]

[ 2016-10-20T17:26:36+08:00 ] 127.0.0.1 /newspider/index.php/home/index/index/
INFO: [ app_init ] --START--
INFO: Run Behavior\BuildLiteBehavior [ RunTime:0.000017s ]
INFO: [ app_init ] --END-- [ RunTime:0.000663s ]
INFO: [ app_begin ] --START--
INFO: Run Behavior\ReadHtmlCacheBehavior [ RunTime:0.001089s ]
INFO: [ app_begin ] --END-- [ RunTime:0.001151s ]

[ 2016-10-20T17:30:35+08:00 ] 127.0.0.1 /newspider/index.php/home/index/index/
INFO: [ app_init ] --START--
INFO: Run Behavior\BuildLiteBehavior [ RunTime:0.000010s ]
INFO: [ app_init ] --END-- [ RunTime:0.000302s ]
INFO: [ app_begin ] --START--
INFO: Run Behavior\ReadHtmlCacheBehavior [ RunTime:0.000450s ]
INFO: [ app_begin ] --END-- [ RunTime:0.000480s ]
NOTIC: [8] Undefined index: LTR_TYPE_D_Think\Model F:\wamp\www\newspider\ThinkPHP\Common\functions.php 第 691 行.

[ 2016-10-20T17:30:53+08:00 ] 127.0.0.1 /newspider/index.php/home/index/index/
INFO: [ app_init ] --START--
INFO: Run Behavior\BuildLiteBehavior [ RunTime:0.000007s ]
INFO: [ app_init ] --END-- [ RunTime:0.000300s ]
INFO: [ app_begin ] --START--
INFO: Run Behavior\ReadHtmlCacheBehavior [ RunTime:0.000462s ]
INFO: [ app_begin ] --END-- [ RunTime:0.000491s ]
ERR: 1146:Table 'spider.l_t_r__t_y_p_e__d' doesn't exist
 [ SQL语句 ] : SHOW COLUMNS FROM `l_t_r__t_y_p_e__d`
ERR: 1146:Table 'spider.l_t_r__t_y_p_e__d' doesn't exist
 [ SQL语句 ] : SHOW COLUMNS FROM `l_t_r__t_y_p_e__d`

[ 2016-10-20T17:31:09+08:00 ] 127.0.0.1 /newspider/index.php/home/index/index/
INFO: [ app_init ] --START--
INFO: Run Behavior\BuildLiteBehavior [ RunTime:0.000008s ]
INFO: [ app_init ] --END-- [ RunTime:0.000222s ]
INFO: [ app_begin ] --START--
INFO: Run Behavior\ReadHtmlCacheBehavior [ RunTime:0.000270s ]
INFO: [ app_begin ] --END-- [ RunTime:0.000297s ]
NOTIC: [8] Undefined variable: Think\Model F:\wamp\www\newspider\ThinkPHP\Common\functions.php 第 692 行.

[ 2016-10-20T17:31:16+08:00 ] 127.0.0.1 /newspider/index.php/home/index/index/
INFO: [ app_init ] --START--
INFO: Run Behavior\BuildLiteBehavior [ RunTime:0.000007s ]
INFO: [ app_init ] --END-- [ RunTime:0.000218s ]
INFO: [ app_begin ] --START--
INFO: Run Behavior\ReadHtmlCacheBehavior [ RunTime:0.000277s ]
INFO: [ app_begin ] --END-- [ RunTime:0.000304s ]

[ 2016-10-20T17:31:37+08:00 ] 127.0.0.1 /newspider/index.php/home/index/index/
INFO: [ app_init ] --START--
INFO: Run Behavior\BuildLiteBehavior [ RunTime:0.000008s ]
INFO: [ app_init ] --END-- [ RunTime:0.000226s ]
INFO: [ app_begin ] --START--
INFO: Run Behavior\ReadHtmlCacheBehavior [ RunTime:0.000273s ]
INFO: [ app_begin ] --END-- [ RunTime:0.000301s ]

[ 2016-10-20T17:34:58+08:00 ] 127.0.0.1 /newspider/index.php/home/index/index/
INFO: [ app_init ] --START--
INFO: Run Behavior\BuildLiteBehavior [ RunTime:0.000013s ]
INFO: [ app_init ] --END-- [ RunTime:0.000524s ]
INFO: [ app_begin ] --START--
INFO: Run Behavior\ReadHtmlCacheBehavior [ RunTime:0.000845s ]
INFO: [ app_begin ] --END-- [ RunTime:0.000896s ]

[ 2016-10-20T17:35:11+08:00 ] 127.0.0.1 /newspider/index.php/home/index/index/
INFO: [ app_init ] --START--
INFO: Run Behavior\BuildLiteBehavior [ RunTime:0.000008s ]
INFO: [ app_init ] --END-- [ RunTime:0.000295s ]
INFO: [ app_begin ] --START--
INFO: Run Behavior\ReadHtmlCacheBehavior [ RunTime:0.000476s ]
INFO: [ app_begin ] --END-- [ RunTime:0.000509s ]

[ 2016-10-20T17:35:47+08:00 ] 127.0.0.1 /newspider/index.php/home/index/index/
INFO: [ app_init ] --START--
INFO: Run Behavior\BuildLiteBehavior [ RunTime:0.000014s ]
INFO: [ app_init ] --END-- [ RunTime:0.000455s ]
INFO: [ app_begin ] --START--
INFO: Run Behavior\ReadHtmlCacheBehavior [ RunTime:0.000565s ]
INFO: [ app_begin ] --END-- [ RunTime:0.000622s ]
ERR: 1146:Table 'spider.l_t_r__t_y_p_e__d' doesn't exist
 [ SQL语句 ] : SHOW COLUMNS FROM `l_t_r__t_y_p_e__d`
ERR: 1146:Table 'spider.l_t_r__t_y_p_e__d' doesn't exist
 [ SQL语句 ] : SHOW COLUMNS FROM `l_t_r__t_y_p_e__d`

[ 2016-10-20T17:35:54+08:00 ] 127.0.0.1 /newspider/index.php/home/index/index/
INFO: [ app_init ] --START--
INFO: Run Behavior\BuildLiteBehavior [ RunTime:0.000007s ]
INFO: [ app_init ] --END-- [ RunTime:0.000224s ]
INFO: [ app_begin ] --START--
INFO: Run Behavior\ReadHtmlCacheBehavior [ RunTime:0.000274s ]
INFO: [ app_begin ] --END-- [ RunTime:0.000303s ]

[ 2016-10-20T17:36:05+08:00 ] 127.0.0.1 /newspider/index.php/home/index/index/
INFO: [ app_init ] --START--
INFO: Run Behavior\BuildLiteBehavior [ RunTime:0.000009s ]
INFO: [ app_init ] --END-- [ RunTime:0.000256s ]
INFO: [ app_begin ] --START--
INFO: Run Behavior\ReadHtmlCacheBehavior [ RunTime:0.000309s ]
INFO: [ app_begin ] --END-- [ RunTime:0.000341s ]

[ 2016-10-20T17:36:09+08:00 ] 127.0.0.1 /newspider/index.php/home/index/index/
INFO: [ app_init ] --START--
INFO: Run Behavior\BuildLiteBehavior [ RunTime:0.000008s ]
INFO: [ app_init ] --END-- [ RunTime:0.000244s ]
INFO: [ app_begin ] --START--
INFO: Run Behavior\ReadHtmlCacheBehavior [ RunTime:0.000283s ]
INFO: [ app_begin ] --END-- [ RunTime:0.000316s ]

[ 2016-10-20T17:36:24+08:00 ] 127.0.0.1 /newspider/index.php/home/index/index/
INFO: [ app_init ] --START--
INFO: Run Behavior\BuildLiteBehavior [ RunTime:0.000008s ]
INFO: [ app_init ] --END-- [ RunTime:0.000290s ]
INFO: [ app_begin ] --START--
INFO: Run Behavior\ReadHtmlCacheBehavior [ RunTime:0.000284s ]
INFO: [ app_begin ] --END-- [ RunTime:0.000313s ]
ERR: 1146:Table 'spider.l_t_r__t_y_p_e__d' doesn't exist
 [ SQL语句 ] : SHOW COLUMNS FROM `l_t_r__t_y_p_e__d`
ERR: 1146:Table 'spider.l_t_r__t_y_p_e__d' doesn't exist
 [ SQL语句 ] : SHOW COLUMNS FROM `l_t_r__t_y_p_e__d`

[ 2016-10-20T17:36:31+08:00 ] 127.0.0.1 /newspider/index.php/home/index/index/
INFO: [ app_init ] --START--
INFO: Run Behavior\BuildLiteBehavior [ RunTime:0.000007s ]
INFO: [ app_init ] --END-- [ RunTime:0.000235s ]
INFO: [ app_begin ] --START--
INFO: Run Behavior\ReadHtmlCacheBehavior [ RunTime:0.000267s ]
INFO: [ app_begin ] --END-- [ RunTime:0.000293s ]

[ 2016-10-20T17:37:16+08:00 ] 127.0.0.1 /newspider/index.php/home/index/index/
INFO: [ app_init ] --START--
INFO: Run Behavior\BuildLiteBehavior [ RunTime:0.000008s ]
INFO: [ app_init ] --END-- [ RunTime:0.000262s ]
INFO: [ app_begin ] --START--
INFO: Run Behavior\ReadHtmlCacheBehavior [ RunTime:0.000517s ]
INFO: [ app_begin ] --END-- [ RunTime:0.000546s ]
ERR: 1146:Table 'spider.l_t_r__t_y_p_e__d' doesn't exist
 [ SQL语句 ] : SHOW COLUMNS FROM `l_t_r__t_y_p_e__d`
ERR: 1146:Table 'spider.l_t_r__t_y_p_e__d' doesn't exist
 [ SQL语句 ] : SHOW COLUMNS FROM `l_t_r__t_y_p_e__d`

[ 2016-10-20T17:37:22+08:00 ] 127.0.0.1 /newspider/index.php/home/index/index/
INFO: [ app_init ] --START--
INFO: Run Behavior\BuildLiteBehavior [ RunTime:0.000007s ]
INFO: [ app_init ] --END-- [ RunTime:0.000297s ]
INFO: [ app_begin ] --START--
INFO: Run Behavior\ReadHtmlCacheBehavior [ RunTime:0.000424s ]
INFO: [ app_begin ] --END-- [ RunTime:0.000451s ]

[ 2016-10-20T17:37:31+08:00 ] 127.0.0.1 /newspider/index.php/home/index/index/
INFO: [ app_init ] --START--
INFO: Run Behavior\BuildLiteBehavior [ RunTime:0.000008s ]
INFO: [ app_init ] --END-- [ RunTime:0.000227s ]
INFO: [ app_begin ] --START--
INFO: Run Behavior\ReadHtmlCacheBehavior [ RunTime:0.000273s ]
INFO: [ app_begin ] --END-- [ RunTime:0.000302s ]

[ 2016-10-20T17:37:48+08:00 ] 127.0.0.1 /newspider/index.php/home/index/index/
INFO: [ app_init ] --START--
INFO: Run Behavior\BuildLiteBehavior [ RunTime:0.000008s ]
INFO: [ app_init ] --END-- [ RunTime:0.000236s ]
INFO: [ app_begin ] --START--
INFO: Run Behavior\ReadHtmlCacheBehavior [ RunTime:0.000287s ]
INFO: [ app_begin ] --END-- [ RunTime:0.000316s ]

[ 2016-10-20T17:38:08+08:00 ] 127.0.0.1 /newspider/index.php/home/index/index/
INFO: [ app_init ] --START--
INFO: Run Behavior\BuildLiteBehavior [ RunTime:0.000007s ]
INFO: [ app_init ] --END-- [ RunTime:0.000231s ]
INFO: [ app_begin ] --START--
INFO: Run Behavior\ReadHtmlCacheBehavior [ RunTime:0.000271s ]
INFO: [ app_begin ] --END-- [ RunTime:0.000299s ]

[ 2016-10-20T17:38:21+08:00 ] 127.0.0.1 /newspider/index.php/home/index/index/
INFO: [ app_init ] --START--
INFO: Run Behavior\BuildLiteBehavior [ RunTime:0.000016s ]
INFO: [ app_init ] --END-- [ RunTime:0.000347s ]
INFO: [ app_begin ] --START--
INFO: Run Behavior\ReadHtmlCacheBehavior [ RunTime:0.000426s ]
INFO: [ app_begin ] --END-- [ RunTime:0.000469s ]

[ 2016-10-20T17:38:36+08:00 ] 127.0.0.1 /newspider/index.php/home/index/index/
INFO: [ app_init ] --START--
INFO: Run Behavior\BuildLiteBehavior [ RunTime:0.000007s ]
INFO: [ app_init ] --END-- [ RunTime:0.000222s ]
INFO: [ app_begin ] --START--
INFO: Run Behavior\ReadHtmlCacheBehavior [ RunTime:0.000278s ]
INFO: [ app_begin ] --END-- [ RunTime:0.000306s ]

[ 2016-10-20T17:38:56+08:00 ] 127.0.0.1 /newspider/index.php/home/index/index/
INFO: [ app_init ] --START--
INFO: Run Behavior\BuildLiteBehavior [ RunTime:0.000007s ]
INFO: [ app_init ] --END-- [ RunTime:0.000241s ]
INFO: [ app_begin ] --START--
INFO: Run Behavior\ReadHtmlCacheBehavior [ RunTime:0.000254s ]
INFO: [ app_begin ] --END-- [ RunTime:0.000284s ]

[ 2016-10-20T17:40:17+08:00 ] 127.0.0.1 /newspider/index.php/home/index/index/
INFO: [ app_init ] --START--
INFO: Run Behavior\BuildLiteBehavior [ RunTime:0.000013s ]
INFO: [ app_init ] --END-- [ RunTime:0.000524s ]
INFO: [ app_begin ] --START--
INFO: Run Behavior\ReadHtmlCacheBehavior [ RunTime:0.000834s ]
INFO: [ app_begin ] --END-- [ RunTime:0.000886s ]

[ 2016-10-20T17:40:22+08:00 ] 127.0.0.1 /newspider/index.php/home/index/index/
INFO: [ app_init ] --START--
INFO: Run Behavior\BuildLiteBehavior [ RunTime:0.000017s ]
INFO: [ app_init ] --END-- [ RunTime:0.000565s ]
INFO: [ app_begin ] --START--
INFO: Run Behavior\ReadHtmlCacheBehavior [ RunTime:0.000712s ]
INFO: [ app_begin ] --END-- [ RunTime:0.000785s ]

[ 2016-10-20T17:40:26+08:00 ] 127.0.0.1 /newspider/index.php/home/index/index/
INFO: [ app_init ] --START--
INFO: Run Behavior\BuildLiteBehavior [ RunTime:0.000034s ]
INFO: [ app_init ] --END-- [ RunTime:0.001048s ]
INFO: [ app_begin ] --START--
INFO: Run Behavior\ReadHtmlCacheBehavior [ RunTime:0.000839s ]
INFO: [ app_begin ] --END-- [ RunTime:0.000926s ]

[ 2016-10-20T17:40:29+08:00 ] 127.0.0.1 /newspider/index.php/home/index/index/
INFO: [ app_init ] --START--
INFO: Run Behavior\BuildLiteBehavior [ RunTime:0.000021s ]
INFO: [ app_init ] --END-- [ RunTime:0.000663s ]
INFO: [ app_begin ] --START--
INFO: Run Behavior\ReadHtmlCacheBehavior [ RunTime:0.000805s ]
INFO: [ app_begin ] --END-- [ RunTime:0.000894s ]

[ 2016-10-20T17:40:42+08:00 ] 127.0.0.1 /newspider/index.php/home/index/index/
INFO: [ app_init ] --START--
INFO: Run Behavior\BuildLiteBehavior [ RunTime:0.000009s ]
INFO: [ app_init ] --END-- [ RunTime:0.000309s ]
INFO: [ app_begin ] --START--
INFO: Run Behavior\ReadHtmlCacheBehavior [ RunTime:0.000489s ]
INFO: [ app_begin ] --END-- [ RunTime:0.000522s ]

[ 2016-10-20T17:40:55+08:00 ] 127.0.0.1 /newspider/index.php/home/index/index/
INFO: [ app_init ] --START--
INFO: Run Behavior\BuildLiteBehavior [ RunTime:0.000017s ]
INFO: [ app_init ] --END-- [ RunTime:0.000613s ]
INFO: [ app_begin ] --START--
INFO: Run Behavior\ReadHtmlCacheBehavior [ RunTime:0.000642s ]
INFO: [ app_begin ] --END-- [ RunTime:0.000714s ]

[ 2016-10-20T17:40:56+08:00 ] 127.0.0.1 /newspider/index.php/home/index/index/
INFO: [ app_init ] --START--
INFO: Run Behavior\BuildLiteBehavior [ RunTime:0.000011s ]
INFO: [ app_init ] --END-- [ RunTime:0.000345s ]
INFO: [ app_begin ] --START--
INFO: Run Behavior\ReadHtmlCacheBehavior [ RunTime:0.000427s ]
INFO: [ app_begin ] --END-- [ RunTime:0.000471s ]

[ 2016-10-20T17:40:56+08:00 ] 127.0.0.1 /newspider/index.php/home/index/index/
INFO: [ app_init ] --START--
INFO: Run Behavior\BuildLiteBehavior [ RunTime:0.000020s ]
INFO: [ app_init ] --END-- [ RunTime:0.000667s ]
INFO: [ app_begin ] --START--
INFO: Run Behavior\ReadHtmlCacheBehavior [ RunTime:0.000830s ]
INFO: [ app_begin ] --END-- [ RunTime:0.000914s ]

[ 2016-10-20T17:40:56+08:00 ] 127.0.0.1 /newspider/index.php/home/index/index/
INFO: [ app_init ] --START--
INFO: Run Behavior\BuildLiteBehavior [ RunTime:0.000017s ]
INFO: [ app_init ] --END-- [ RunTime:0.000519s ]
INFO: [ app_begin ] --START--
INFO: Run Behavior\ReadHtmlCacheBehavior [ RunTime:0.000640s ]
INFO: [ app_begin ] --END-- [ RunTime:0.000705s ]

[ 2016-10-20T17:41:21+08:00 ] 127.0.0.1 /newspider/index.php/home/index/index/
INFO: [ app_init ] --START--
INFO: Run Behavior\BuildLiteBehavior [ RunTime:0.000007s ]
INFO: [ app_init ] --END-- [ RunTime:0.000226s ]
INFO: [ app_begin ] --START--
INFO: Run Behavior\ReadHtmlCacheBehavior [ RunTime:0.000273s ]
INFO: [ app_begin ] --END-- [ RunTime:0.000302s ]

[ 2016-10-20T17:41:49+08:00 ] 127.0.0.1 /newspider/index.php/home/index/index/
INFO: [ app_init ] --START--
INFO: Run Behavior\BuildLiteBehavior [ RunTime:0.000018s ]
INFO: [ app_init ] --END-- [ RunTime:0.000602s ]
INFO: [ app_begin ] --START--
INFO: Run Behavior\ReadHtmlCacheBehavior [ RunTime:0.000723s ]
INFO: [ app_begin ] --END-- [ RunTime:0.000801s ]

[ 2016-10-20T17:42:18+08:00 ] 127.0.0.1 /newspider/index.php/home/index/index/
INFO: [ app_init ] --START--
INFO: Run Behavior\BuildLiteBehavior [ RunTime:0.000008s ]
INFO: [ app_init ] --END-- [ RunTime:0.000230s ]
INFO: [ app_begin ] --START--
INFO: Run Behavior\ReadHtmlCacheBehavior [ RunTime:0.000253s ]
INFO: [ app_begin ] --END-- [ RunTime:0.000279s ]
NOTIC: [4096] Object of class Think\Db\Driver\Mysql could not be converted to string F:\wamp\www\newspider\ThinkPHP\Library\Think\Model.class.php 第 1610 行.

[ 2016-10-20T17:42:29+08:00 ] 127.0.0.1 /newspider/index.php/home/index/index/
INFO: [ app_init ] --START--
INFO: Run Behavior\BuildLiteBehavior [ RunTime:0.000021s ]
INFO: [ app_init ] --END-- [ RunTime:0.001000s ]
INFO: [ app_begin ] --START--
INFO: Run Behavior\ReadHtmlCacheBehavior [ RunTime:0.001404s ]
INFO: [ app_begin ] --END-- [ RunTime:0.001498s ]

[ 2016-10-20T17:42:41+08:00 ] 127.0.0.1 /newspider/index.php/home/index/index/
INFO: [ app_init ] --START--
INFO: Run Behavior\BuildLiteBehavior [ RunTime:0.000007s ]
INFO: [ app_init ] --END-- [ RunTime:0.000215s ]
INFO: [ app_begin ] --START--
INFO: Run Behavior\ReadHtmlCacheBehavior [ RunTime:0.000292s ]
INFO: [ app_begin ] --END-- [ RunTime:0.000320s ]
ERR: 1146:Table 'spider.l_t_r__t_y_p_e__d' doesn't exist
 [ SQL语句 ] : SHOW COLUMNS FROM `l_t_r__t_y_p_e__d`
ERR: 1146:Table 'spider.l_t_r__t_y_p_e__d' doesn't exist
 [ SQL语句 ] : SHOW COLUMNS FROM `l_t_r__t_y_p_e__d`

[ 2016-10-20T17:43:54+08:00 ] 127.0.0.1 /newspider/index.php/home/index/index/
INFO: [ app_init ] --START--
INFO: Run Behavior\BuildLiteBehavior [ RunTime:0.000008s ]
INFO: [ app_init ] --END-- [ RunTime:0.000332s ]
INFO: [ app_begin ] --START--
INFO: Run Behavior\ReadHtmlCacheBehavior [ RunTime:0.000274s ]
INFO: [ app_begin ] --END-- [ RunTime:0.000301s ]
ERR: 1146:Table 'spider.l_t_r__t_y_p_e__d' doesn't exist
 [ SQL语句 ] : SHOW COLUMNS FROM `l_t_r__t_y_p_e__d`
ERR: 1146:Table 'spider.l_t_r__t_y_p_e__d' doesn't exist
 [ SQL语句 ] : SHOW COLUMNS FROM `l_t_r__t_y_p_e__d`

[ 2016-10-20T17:44:06+08:00 ] 127.0.0.1 /newspider/index.php/home/index/index/
INFO: [ app_init ] --START--
INFO: Run Behavior\BuildLiteBehavior [ RunTime:0.000014s ]
INFO: [ app_init ] --END-- [ RunTime:0.000596s ]
INFO: [ app_begin ] --START--
INFO: Run Behavior\ReadHtmlCacheBehavior [ RunTime:0.000958s ]
INFO: [ app_begin ] --END-- [ RunTime:0.001017s ]
ERR: 1146:Table 'spider.l_t_r__t_y_p_e__d' doesn't exist
 [ SQL语句 ] : SHOW COLUMNS FROM `l_t_r__t_y_p_e__d`
ERR: 1146:Table 'spider.l_t_r__t_y_p_e__d' doesn't exist
 [ SQL语句 ] : SHOW COLUMNS FROM `l_t_r__t_y_p_e__d`

[ 2016-10-20T17:44:13+08:00 ] 127.0.0.1 /newspider/index.php/home/index/index/
INFO: [ app_init ] --START--
INFO: Run Behavior\BuildLiteBehavior [ RunTime:0.000011s ]
INFO: [ app_init ] --END-- [ RunTime:0.000351s ]
INFO: [ app_begin ] --START--
INFO: Run Behavior\ReadHtmlCacheBehavior [ RunTime:0.000435s ]
INFO: [ app_begin ] --END-- [ RunTime:0.000479s ]
ERR: 1146:Table 'spider.l_t_r__t_y_p_e__d' doesn't exist
 [ SQL语句 ] : SHOW COLUMNS FROM `l_t_r__t_y_p_e__d`
ERR: 1146:Table 'spider.l_t_r__t_y_p_e__d' doesn't exist
 [ SQL语句 ] : SHOW COLUMNS FROM `l_t_r__t_y_p_e__d`

[ 2016-10-20T17:44:19+08:00 ] 127.0.0.1 /newspider/index.php/home/index/index/
INFO: [ app_init ] --START--
INFO: Run Behavior\BuildLiteBehavior [ RunTime:0.000008s ]
INFO: [ app_init ] --END-- [ RunTime:0.000214s ]
INFO: [ app_begin ] --START--
INFO: Run Behavior\ReadHtmlCacheBehavior [ RunTime:0.000257s ]
INFO: [ app_begin ] --END-- [ RunTime:0.000284s ]

[ 2016-10-20T17:44:31+08:00 ] 127.0.0.1 /newspider/index.php/home/index/index/
INFO: [ app_init ] --START--
INFO: Run Behavior\BuildLiteBehavior [ RunTime:0.000007s ]
INFO: [ app_init ] --END-- [ RunTime:0.000270s ]
INFO: [ app_begin ] --START--
INFO: Run Behavior\ReadHtmlCacheBehavior [ RunTime:0.000425s ]
INFO: [ app_begin ] --END-- [ RunTime:0.000451s ]

[ 2016-10-20T17:45:28+08:00 ] 127.0.0.1 /newspider/index.php/home/index/index/
INFO: [ app_init ] --START--
INFO: Run Behavior\BuildLiteBehavior [ RunTime:0.000014s ]
INFO: [ app_init ] --END-- [ RunTime:0.000066s ]
NOTIC: [8] Array to string conversion F:\wamp\www\newspider\ThinkPHP\Common\functions.php 第 25 行.
INFO: [ app_begin ] --START--
INFO: Run Behavior\ReadHtmlCacheBehavior [ RunTime:0.000578s ]
INFO: [ app_begin ] --END-- [ RunTime:0.000635s ]
ERR: 1146:Table 'spider.l_t_r__t_y_p_e__d' doesn't exist
 [ SQL语句 ] : SHOW COLUMNS FROM `l_t_r__t_y_p_e__d`
ERR: 1146:Table 'spider.l_t_r__t_y_p_e__d' doesn't exist
 [ SQL语句 ] : SHOW COLUMNS FROM `l_t_r__t_y_p_e__d`

[ 2016-10-20T17:45:42+08:00 ] 127.0.0.1 /newspider/index.php/home/index/index/
INFO: [ app_init ] --START--
INFO: Run Behavior\BuildLiteBehavior [ RunTime:0.000007s ]
INFO: [ app_init ] --END-- [ RunTime:0.000033s ]
NOTIC: [8] Array to string conversion F:\wamp\www\newspider\ThinkPHP\Common\functions.php 第 25 行.
INFO: [ app_begin ] --START--
INFO: Run Behavior\ReadHtmlCacheBehavior [ RunTime:0.000275s ]
INFO: [ app_begin ] --END-- [ RunTime:0.000305s ]
ERR: 1146:Table 'spider.l_t_r__t_y_p_e__d' doesn't exist
 [ SQL语句 ] : SHOW COLUMNS FROM `l_t_r__t_y_p_e__d`
ERR: 1146:Table 'spider.l_t_r__t_y_p_e__d' doesn't exist
 [ SQL语句 ] : SHOW COLUMNS FROM `l_t_r__t_y_p_e__d`

[ 2016-10-20T17:46:30+08:00 ] 127.0.0.1 /newspider/index.php/home/index/index/
INFO: [ app_init ] --START--
INFO: Run Behavior\BuildLiteBehavior [ RunTime:0.000010s ]
INFO: [ app_init ] --END-- [ RunTime:0.000262s ]
INFO: [ app_begin ] --START--
INFO: Run Behavior\ReadHtmlCacheBehavior [ RunTime:0.000311s ]
INFO: [ app_begin ] --END-- [ RunTime:0.000343s ]
ERR: 1146:Table 'spider.l_t_r__t_y_p_e__d' doesn't exist
 [ SQL语句 ] : SHOW COLUMNS FROM `l_t_r__t_y_p_e__d`
ERR: 1146:Table 'spider.l_t_r__t_y_p_e__d' doesn't exist
 [ SQL语句 ] : SHOW COLUMNS FROM `l_t_r__t_y_p_e__d`

[ 2016-10-20T17:47:07+08:00 ] 127.0.0.1 /newspider/index.php/home/index/index/
INFO: [ app_init ] --START--
INFO: Run Behavior\BuildLiteBehavior [ RunTime:0.000007s ]
INFO: [ app_init ] --END-- [ RunTime:0.000289s ]
INFO: [ app_begin ] --START--
INFO: Run Behavior\ReadHtmlCacheBehavior [ RunTime:0.000453s ]
INFO: [ app_begin ] --END-- [ RunTime:0.000480s ]
ERR: 1146:Table 'spider.l_t_r__t_y_p_e__d' doesn't exist
 [ SQL语句 ] : SHOW COLUMNS FROM `l_t_r__t_y_p_e__d`
ERR: 1146:Table 'spider.l_t_r__t_y_p_e__d' doesn't exist
 [ SQL语句 ] : SHOW COLUMNS FROM `l_t_r__t_y_p_e__d`

[ 2016-10-20T17:47:17+08:00 ] 127.0.0.1 /newspider/index.php/home/index/index/
INFO: [ app_init ] --START--
INFO: Run Behavior\BuildLiteBehavior [ RunTime:0.000006s ]
INFO: [ app_init ] --END-- [ RunTime:0.000273s ]
INFO: [ app_begin ] --START--
INFO: Run Behavior\ReadHtmlCacheBehavior [ RunTime:0.000449s ]
INFO: [ app_begin ] --END-- [ RunTime:0.000477s ]
ERR: 1146:Table 'spider.l_t_r__t_y_p_e__d' doesn't exist
 [ SQL语句 ] : SHOW COLUMNS FROM `l_t_r__t_y_p_e__d`
ERR: 1146:Table 'spider.l_t_r__t_y_p_e__d' doesn't exist
 [ SQL语句 ] : SHOW COLUMNS FROM `l_t_r__t_y_p_e__d`

[ 2016-10-20T17:47:33+08:00 ] 127.0.0.1 /newspider/index.php/home/index/index/
INFO: [ app_init ] --START--
INFO: Run Behavior\BuildLiteBehavior [ RunTime:0.000007s ]
INFO: [ app_init ] --END-- [ RunTime:0.000215s ]
INFO: [ app_begin ] --START--
INFO: Run Behavior\ReadHtmlCacheBehavior [ RunTime:0.000260s ]
INFO: [ app_begin ] --END-- [ RunTime:0.000286s ]
ERR: 1146:Table 'spider.l_t_r__t_y_p_e__d' doesn't exist
 [ SQL语句 ] : SHOW COLUMNS FROM `l_t_r__t_y_p_e__d`
ERR: 1146:Table 'spider.l_t_r__t_y_p_e__d' doesn't exist
 [ SQL语句 ] : SHOW COLUMNS FROM `l_t_r__t_y_p_e__d`

[ 2016-10-20T17:47:53+08:00 ] 127.0.0.1 /newspider/index.php/home/index/index/
INFO: [ app_init ] --START--
INFO: Run Behavior\BuildLiteBehavior [ RunTime:0.000007s ]
INFO: [ app_init ] --END-- [ RunTime:0.000227s ]
INFO: [ app_begin ] --START--
INFO: Run Behavior\ReadHtmlCacheBehavior [ RunTime:0.000275s ]
INFO: [ app_begin ] --END-- [ RunTime:0.000304s ]
ERR: 1146:Table 'spider.l_t_r__t_y_p_e__d' doesn't exist
 [ SQL语句 ] : SHOW COLUMNS FROM `l_t_r__t_y_p_e__d`
ERR: 1146:Table 'spider.l_t_r__t_y_p_e__d' doesn't exist
 [ SQL语句 ] : SHOW COLUMNS FROM `l_t_r__t_y_p_e__d`

[ 2016-10-20T17:49:27+08:00 ] 127.0.0.1 /newspider/index.php/home/index/index/
INFO: [ app_init ] --START--
INFO: Run Behavior\BuildLiteBehavior [ RunTime:0.000007s ]
INFO: [ app_init ] --END-- [ RunTime:0.000306s ]
INFO: [ app_begin ] --START--
INFO: Run Behavior\ReadHtmlCacheBehavior [ RunTime:0.000458s ]
INFO: [ app_begin ] --END-- [ RunTime:0.000488s ]

[ 2016-10-20T17:49:48+08:00 ] 127.0.0.1 /newspider/index.php/home/index/index/
INFO: [ app_init ] --START--
INFO: Run Behavior\BuildLiteBehavior [ RunTime:0.000008s ]
INFO: [ app_init ] --END-- [ RunTime:0.000298s ]
INFO: [ app_begin ] --START--
INFO: Run Behavior\ReadHtmlCacheBehavior [ RunTime:0.000463s ]
INFO: [ app_begin ] --END-- [ RunTime:0.000492s ]

[ 2016-10-20T17:49:58+08:00 ] 127.0.0.1 /newspider/index.php/home/index/index/
INFO: [ app_init ] --START--
INFO: Run Behavior\BuildLiteBehavior [ RunTime:0.000008s ]
INFO: [ app_init ] --END-- [ RunTime:0.000218s ]
INFO: [ app_begin ] --START--
INFO: Run Behavior\ReadHtmlCacheBehavior [ RunTime:0.000254s ]
INFO: [ app_begin ] --END-- [ RunTime:0.000279s ]

[ 2016-10-20T17:50:53+08:00 ] 127.0.0.1 /newspider/index.php/home/index/index/
INFO: [ app_init ] --START--
INFO: Run Behavior\BuildLiteBehavior [ RunTime:0.000008s ]
INFO: [ app_init ] --END-- [ RunTime:0.000228s ]
INFO: [ app_begin ] --START--
INFO: Run Behavior\ReadHtmlCacheBehavior [ RunTime:0.000304s ]
INFO: [ app_begin ] --END-- [ RunTime:0.000330s ]

[ 2016-10-20T17:51:23+08:00 ] 127.0.0.1 /newspider/index.php/home/index/index/
INFO: [ app_init ] --START--
INFO: Run Behavior\BuildLiteBehavior [ RunTime:0.000007s ]
INFO: [ app_init ] --END-- [ RunTime:0.000214s ]
INFO: [ app_begin ] --START--
INFO: Run Behavior\ReadHtmlCacheBehavior [ RunTime:0.000265s ]
INFO: [ app_begin ] --END-- [ RunTime:0.000293s ]

[ 2016-10-20T17:51:35+08:00 ] 127.0.0.1 /newspider/index.php/home/index/index/
INFO: [ app_init ] --START--
INFO: Run Behavior\BuildLiteBehavior [ RunTime:0.000008s ]
INFO: [ app_init ] --END-- [ RunTime:0.000288s ]
INFO: [ app_begin ] --START--
INFO: Run Behavior\ReadHtmlCacheBehavior [ RunTime:0.000461s ]
INFO: [ app_begin ] --END-- [ RunTime:0.000491s ]

[ 2016-10-20T17:52:36+08:00 ] 127.0.0.1 /newspider/index.php/home/index/index/
INFO: [ app_init ] --START--
INFO: Run Behavior\BuildLiteBehavior [ RunTime:0.000007s ]
INFO: [ app_init ] --END-- [ RunTime:0.000267s ]
INFO: [ app_begin ] --START--
INFO: Run Behavior\ReadHtmlCacheBehavior [ RunTime:0.000553s ]
INFO: [ app_begin ] --END-- [ RunTime:0.000580s ]
ERR: 1146:Table 'spider.l_t_r__t_y_p_e__d' doesn't exist
 [ SQL语句 ] : SHOW COLUMNS FROM `l_t_r__t_y_p_e__d`
ERR: 1146:Table 'spider.l_t_r__t_y_p_e__d' doesn't exist
 [ SQL语句 ] : SHOW COLUMNS FROM `l_t_r__t_y_p_e__d`

[ 2016-10-20T17:52:54+08:00 ] 127.0.0.1 /newspider/index.php/home/index/index/
INFO: [ app_init ] --START--
INFO: Run Behavior\BuildLiteBehavior [ RunTime:0.000008s ]
INFO: [ app_init ] --END-- [ RunTime:0.000227s ]
INFO: [ app_begin ] --START--
INFO: Run Behavior\ReadHtmlCacheBehavior [ RunTime:0.000264s ]
INFO: [ app_begin ] --END-- [ RunTime:0.000292s ]

[ 2016-10-20T17:53:05+08:00 ] 127.0.0.1 /newspider/index.php/home/index/index/
INFO: [ app_init ] --START--
INFO: Run Behavior\BuildLiteBehavior [ RunTime:0.000008s ]
INFO: [ app_init ] --END-- [ RunTime:0.000232s ]
INFO: [ app_begin ] --START--
INFO: Run Behavior\ReadHtmlCacheBehavior [ RunTime:0.000282s ]
INFO: [ app_begin ] --END-- [ RunTime:0.000310s ]
ERR: 1146:Table 'spider.l_t_r__t_y_p_e__d' doesn't exist
 [ SQL语句 ] : SHOW COLUMNS FROM `l_t_r__t_y_p_e__d`
ERR: 1146:Table 'spider.l_t_r__t_y_p_e__d' doesn't exist
 [ SQL语句 ] : SHOW COLUMNS FROM `l_t_r__t_y_p_e__d`

[ 2016-10-20T17:54:44+08:00 ] 127.0.0.1 /newspider/index.php/home/index/index/
INFO: [ app_init ] --START--
INFO: Run Behavior\BuildLiteBehavior [ RunTime:0.000011s ]
INFO: [ app_init ] --END-- [ RunTime:0.000441s ]
INFO: [ app_begin ] --START--
INFO: Run Behavior\ReadHtmlCacheBehavior [ RunTime:0.000702s ]
INFO: [ app_begin ] --END-- [ RunTime:0.000746s ]

[ 2016-10-20T17:55:02+08:00 ] 127.0.0.1 /newspider/index.php/home/index/index/
INFO: [ app_init ] --START--
INFO: Run Behavior\BuildLiteBehavior [ RunTime:0.000017s ]
INFO: [ app_init ] --END-- [ RunTime:0.000682s ]
INFO: [ app_begin ] --START--
INFO: Run Behavior\ReadHtmlCacheBehavior [ RunTime:0.001082s ]
INFO: [ app_begin ] --END-- [ RunTime:0.001147s ]

[ 2016-10-20T17:55:10+08:00 ] 127.0.0.1 /newspider/index.php/home/index/index/
INFO: [ app_init ] --START--
INFO: Run Behavior\BuildLiteBehavior [ RunTime:0.000007s ]
INFO: [ app_init ] --END-- [ RunTime:0.000223s ]
INFO: [ app_begin ] --START--
INFO: Run Behavior\ReadHtmlCacheBehavior [ RunTime:0.000270s ]
INFO: [ app_begin ] --END-- [ RunTime:0.000297s ]

[ 2016-10-20T17:55:21+08:00 ] 127.0.0.1 /newspider/index.php/home/index/index/
INFO: [ app_init ] --START--
INFO: Run Behavior\BuildLiteBehavior [ RunTime:0.000017s ]
INFO: [ app_init ] --END-- [ RunTime:0.000522s ]
INFO: [ app_begin ] --START--
INFO: Run Behavior\ReadHtmlCacheBehavior [ RunTime:0.000619s ]
INFO: [ app_begin ] --END-- [ RunTime:0.000683s ]
SQL: SHOW COLUMNS FROM `LTR_TYPE_D` [ RunTime:0.0021s ]
ERR: 1146:Table 'spider.issue_info_b' doesn't exist
 [ SQL语句 ] : SHOW COLUMNS FROM `issue_info_b`
ERR: 1146:Table 'spider.issue_info_b' doesn't exist
 [ SQL语句 ] : SHOW COLUMNS FROM `issue_info_b`

[ 2016-10-20T17:55:29+08:00 ] 127.0.0.1 /newspider/index.php/home/index/index/
INFO: [ app_init ] --START--
INFO: Run Behavior\BuildLiteBehavior [ RunTime:0.000007s ]
INFO: [ app_init ] --END-- [ RunTime:0.000219s ]
INFO: [ app_begin ] --START--
INFO: Run Behavior\ReadHtmlCacheBehavior [ RunTime:0.000259s ]
INFO: [ app_begin ] --END-- [ RunTime:0.000286s ]
SQL: SHOW COLUMNS FROM `LTR_TYPE_D` [ RunTime:0.0018s ]
SQL: SHOW COLUMNS FROM `ISSUE_INFO_B` [ RunTime:0.0016s ]
ERR: 1146:Table 'spider.src_info_b' doesn't exist
 [ SQL语句 ] : SHOW COLUMNS FROM `src_info_b`
ERR: 1146:Table 'spider.src_info_b' doesn't exist
 [ SQL语句 ] : SHOW COLUMNS FROM `src_info_b`

[ 2016-10-20T17:55:35+08:00 ] 127.0.0.1 /newspider/index.php/home/index/index/
INFO: [ app_init ] --START--
INFO: Run Behavior\BuildLiteBehavior [ RunTime:0.000007s ]
INFO: [ app_init ] --END-- [ RunTime:0.000225s ]
INFO: [ app_begin ] --START--
INFO: Run Behavior\ReadHtmlCacheBehavior [ RunTime:0.000272s ]
INFO: [ app_begin ] --END-- [ RunTime:0.000300s ]
SQL: SHOW COLUMNS FROM `LTR_TYPE_D` [ RunTime:0.0011s ]
SQL: SHOW COLUMNS FROM `ISSUE_INFO_B` [ RunTime:0.0010s ]
SQL: SHOW COLUMNS FROM `SRC_INFO_B` [ RunTime:0.0012s ]
SQL: SHOW COLUMNS FROM `ERROR_INFO_D` [ RunTime:0.0009s ]
ERR: 1146:Table 'spider.ERROR_INFO_B' doesn't exist
 [ SQL语句 ] : SHOW COLUMNS FROM `ERROR_INFO_B`
ERR: 1146:Table 'spider.ERROR_INFO_B' doesn't exist
 [ SQL语句 ] : SHOW COLUMNS FROM `ERROR_INFO_B`

[ 2016-10-20T17:56:09+08:00 ] 127.0.0.1 /newspider/index.php/home/index/index/
INFO: [ app_init ] --START--
INFO: Run Behavior\BuildLiteBehavior [ RunTime:0.000008s ]
INFO: [ app_init ] --END-- [ RunTime:0.000219s ]
INFO: [ app_begin ] --START--
INFO: Run Behavior\ReadHtmlCacheBehavior [ RunTime:0.000263s ]
INFO: [ app_begin ] --END-- [ RunTime:0.000292s ]
SQL: SHOW COLUMNS FROM `LTR_TYPE_D` [ RunTime:0.0017s ]
SQL: SHOW COLUMNS FROM `ISSUE_INFO_B` [ RunTime:0.0015s ]
ERR: 1146:Table 'spider.SRC_INFO_R' doesn't exist
 [ SQL语句 ] : SHOW COLUMNS FROM `SRC_INFO_R`
ERR: 1146:Table 'spider.SRC_INFO_R' doesn't exist
 [ SQL语句 ] : SHOW COLUMNS FROM `SRC_INFO_R`

[ 2016-10-20T18:08:22+08:00 ] 127.0.0.1 /newspider/index.php/home/index/index/
INFO: [ app_init ] --START--
INFO: Run Behavior\BuildLiteBehavior [ RunTime:0.000010s ]
INFO: [ app_init ] --END-- [ RunTime:0.000374s ]
INFO: [ app_begin ] --START--
INFO: Run Behavior\ReadHtmlCacheBehavior [ RunTime:0.000877s ]
INFO: [ app_begin ] --END-- [ RunTime:0.000951s ]
SQL: SHOW COLUMNS FROM `LTR_TYPE_D` [ RunTime:0.0010s ]
SQL: SHOW COLUMNS FROM `ISSUE_INFO_B` [ RunTime:0.0011s ]
SQL: SHOW COLUMNS FROM `SRC_INFO_B` [ RunTime:0.0014s ]
SQL: SHOW COLUMNS FROM `ERROR_INFO_D` [ RunTime:0.0008s ]
ERR: 1146:Table 'spider.ERROR_INFO_B' doesn't exist
 [ SQL语句 ] : SHOW COLUMNS FROM `ERROR_INFO_B`
ERR: 1146:Table 'spider.ERROR_INFO_B' doesn't exist
 [ SQL语句 ] : SHOW COLUMNS FROM `ERROR_INFO_B`

[ 2016-10-20T18:09:45+08:00 ] 127.0.0.1 /newspider/index.php/home/index/index/
INFO: [ app_init ] --START--
INFO: Run Behavior\BuildLiteBehavior [ RunTime:0.000010s ]
INFO: [ app_init ] --END-- [ RunTime:0.000401s ]
INFO: [ app_begin ] --START--
INFO: Run Behavior\ReadHtmlCacheBehavior [ RunTime:0.000629s ]
INFO: [ app_begin ] --END-- [ RunTime:0.000669s ]
SQL: SHOW COLUMNS FROM `LTR_TYPE_D` [ RunTime:0.0013s ]
SQL: SHOW COLUMNS FROM `ISSUE_INFO_B` [ RunTime:0.0009s ]
SQL: SHOW COLUMNS FROM `SRC_INFO_B` [ RunTime:0.0013s ]
SQL: SHOW COLUMNS FROM `ERROR_INFO_D` [ RunTime:0.0008s ]
SQL: SHOW COLUMNS FROM `ERROR_INFO_R` [ RunTime:0.0010s ]
INFO: [ app_end ] --START--
INFO: Run Behavior\ShowPageTraceBehavior [ RunTime:0.000504s ]
INFO: [ app_end ] --END-- [ RunTime:0.000534s ]

[ 2016-10-20T18:11:03+08:00 ] 127.0.0.1 /newspider/index.php/home/index/index/
INFO: [ app_init ] --START--
INFO: Run Behavior\BuildLiteBehavior [ RunTime:0.000008s ]
INFO: [ app_init ] --END-- [ RunTime:0.000289s ]
INFO: [ app_begin ] --START--
INFO: Run Behavior\ReadHtmlCacheBehavior [ RunTime:0.000460s ]
INFO: [ app_begin ] --END-- [ RunTime:0.000490s ]
SQL: SHOW COLUMNS FROM `LTR_TYPE_D` [ RunTime:0.0010s ]
SQL: SHOW COLUMNS FROM `ISSUE_INFO_B` [ RunTime:0.0009s ]
SQL: SHOW COLUMNS FROM `SRC_INFO_B` [ RunTime:0.0009s ]
SQL: SHOW COLUMNS FROM `ERROR_INFO_D` [ RunTime:0.0009s ]
SQL: SHOW COLUMNS FROM `ERROR_INFO_R` [ RunTime:0.0007s ]
INFO: [ app_end ] --START--
INFO: Run Behavior\ShowPageTraceBehavior [ RunTime:0.000511s ]
INFO: [ app_end ] --END-- [ RunTime:0.000536s ]

